<?xml version="1.0" encoding="UTF-8"?>
<!-- Generated by org.testng.reporters.JUnitXMLReporter -->
<testsuite ignored="0" hostname="Thirosh" failures="0" tests="7" name="Admin" time="12.895" errors="0" timestamp="2024-02-18T17:45:55 IST">
  <testcase classname="t_pack.TestThree" name="testThree" time="0.002"/>
  <testcase classname="o_pack.TestFour" name="testFour" time="0.002"/>
  <testcase classname="o_pack.TestFive" name="testFive" time="0.003"/>
  <testcase classname="o_pack.TestSix" name="testSix" time="0.002"/>
  <testcase classname="k_pack.TestSeven" name="testA" time="6.996"/>
  <testcase classname="k_pack.TestSeven" name="testB" time="5.87"/>
  <testcase classname="k_pack.TestSeven" name="testSeven" time="0.002"/>
</testsuite> <!-- Admin -->
