<?xml version="1.0" encoding="UTF-8"?>
<!-- Generated by org.testng.reporters.JUnitXMLReporter -->
<testsuite ignored="0" hostname="Thirosh" failures="0" tests="4" name="Student" time="12.829" errors="0" timestamp="2024-02-18T17:45:42 IST">
  <testcase classname="t_pack.TestOne" name="testA" time="7.389"/>
  <testcase classname="t_pack.TestOne" name="testB" time="5.37"/>
  <testcase classname="t_pack.TestOne" name="testOne" time="0.001"/>
  <testcase classname="t_pack.TestTwo" name="testTwo" time="0.001"/>
</testsuite> <!-- Student -->
