<?xml version="1.0" encoding="UTF-8"?>
<!-- Generated by org.testng.reporters.JUnitXMLReporter -->
<testsuite ignored="0" hostname="Thirosh" failures="0" tests="4" name="Student" time="0.064" errors="0" timestamp="2024-02-18T03:27:31 IST">
  <testcase classname="t_pack.TestOne" name="testOne" time="0.005"/>
  <testcase classname="t_pack.TestTwo" name="testTwo" time="0.001"/>
  <testcase classname="t_pack.TestThree" name="testThree" time="0.001"/>
  <testcase classname="o_pack.TestFour" name="testFour" time="0.001"/>
</testsuite> <!-- Student -->
